<?xml version="1.0" encoding="UTF-8"?>
<!-- Generated by org.testng.reporters.JUnitReportReporter -->
<testsuite hostname="DESKTOP-O295AK1" failures="0" tests="2" name="JavaStringd" time="0.016" errors="0" timestamp="2022-11-13T11:51:40 IST" skipped="1">
  <testcase classname="JavaStringd" name="reverseString" time="0.016"/>
  <system-out/>
  <testcase classname="JavaStringd" name="methods">
    <skipped/>
  </testcase> <!-- methods -->
  <system-out/>
</testsuite> <!-- JavaStringd -->
