<?xml version="1.0" encoding="UTF-8"?>
<!-- Generated by org.testng.reporters.JUnitReportReporter -->
<testsuite hostname="DESKTOP-O295AK1" failures="0" tests="1" name="Test1" time="8.008" errors="0" timestamp="2022-11-06T11:03:54 IST" skipped="0">
  <testcase classname="Test1" name="addbook" time="8.008"/>
  <system-out/>
</testsuite> <!-- Test1 -->
