<?xml version="1.0" encoding="UTF-8"?>
<!-- Generated by org.testng.reporters.JUnitReportReporter -->
<testsuite hostname="DESKTOP-O295AK1" failures="0" tests="1" name="SeleniumTest" time="40.097" errors="0" timestamp="2022-11-25T19:03:24 IST" skipped="0">
  <testcase classname="SeleniumTest" name="test1" time="40.097"/>
  <system-out/>
</testsuite> <!-- SeleniumTest -->
